Looking for git in: git
Using git 2.25.1 from git
> git rev-parse --show-toplevel
> git rev-parse --git-dir
Open repository: /home/praveen
> git status -z -u
> git check-ignore -v -z --stdin
> git symbolic-ref --short HEAD
> git rev-parse master
fatal: ambiguous argument 'master': unknown revision or path not in the working tree.
Use '--' to separate paths from revisions, like this:
'git <command> [<revision>...] -- [<file>...]'
> git for-each-ref --sort -committerdate --format %(refname) %(objectname)
> git remote --verbose
> git config --get commit.template
> git show --textconv :my-app-tsx/src/component/IncrementDecrement.tsx
> git ls-files --stage -- /home/praveen/my-app-tsx/src/component/IncrementDecrement.tsx
> git show --textconv :my-app-tsx/src/component/GetWhatYouEnter.tsx
> git ls-files --stage -- /home/praveen/my-app-tsx/src/component/GetWhatYouEnter.tsx
> git show --textconv :my-app-tsx/src/App.tsx
> git ls-files --stage -- /home/praveen/my-app-tsx/src/App.tsx
> git check-ignore -v -z --stdin
> git add -A -- .
> git ls-files --stage -- /home/praveen/my-app-tsx/src/App.tsx
> git cat-file -s 21e5560ada16544495e81648ceabd40e31a11c60
> git show --textconv :my-app-tsx/src/App.tsx
> git ls-files --stage -- /home/praveen/my-app-tsx/src/App.tsx
> git cat-file -s 21e5560ada16544495e81648ceabd40e31a11c60
> git show --textconv :my-app-tsx/src/App.tsx
> git log --format=%H%n%aN%n%aE%n%at%n%ct%n%P%n%B -z -n21 -- /home/praveen/my-app-tsx/src/App.tsx
