Looking for git in: git
Using git 2.25.1 from git
> git rev-parse --show-toplevel
> git rev-parse --git-dir
Open repository: /home/praveen
> git status -z -u
> git check-ignore -v -z --stdin
> git check-ignore -v -z --stdin
> git check-ignore -v -z --stdin
> git symbolic-ref --short HEAD
> git rev-parse master
fatal: ambiguous argument 'master': unknown revision or path not in the working tree.
Use '--' to separate paths from revisions, like this:
'git <command> [<revision>...] -- [<file>...]'
> git for-each-ref --sort -committerdate --format %(refname) %(objectname)
> git remote --verbose
> git config --get commit.template
> git check-ignore -v -z --stdin
> git check-ignore -v -z --stdin
> git add -A -- .
> git show --textconv :my-app-tsx/src/App.tsx
> git ls-files --stage -- /home/praveen/my-app-tsx/src/App.tsx
> git show --textconv :my-app-tsx/src/index.tsx
> git ls-files --stage -- /home/praveen/my-app-tsx/src/index.tsx
> git show --textconv :my-app-tsx/src/App.tsx
> git ls-files --stage -- /home/praveen/my-app-tsx/src/App.tsx
warning: adding embedded git repository: .local/share/Trash/files/company---v5
hint: You've added another git repository inside your current repository.
hint: Clones of the outer repository will not contain the contents of
hint: the embedded repository and will not know how to obtain it.
hint: If you meant to add a submodule, use:
hint: 
hint: 	git submodule add <url> .local/share/Trash/files/company---v5
hint: 
hint: If you added this path by mistake, you can remove it from the
hint: index with:
hint: 
hint: 	git rm --cached .local/share/Trash/files/company---v5
hint: 
hint: See "git help submodule" for more information.
warning: adding embedded git repository: .local/share/Trash/files/company-id
error: '.local/share/Trash/files/datastructure/' does not have a commit checked out
fatal: adding files failed
> git check-ignore -v -z --stdin
> git log --format=%H%n%aN%n%aE%n%at%n%ct%n%P%n%B -z -n21 -- /home/praveen/my-app-tsx/src/App.tsx
fatal: your current branch 'master' does not have any commits yet
