Looking for git in: git
Using git 2.25.1 from git
> git rev-parse --show-toplevel
> git rev-parse --git-dir
Open repository: /home/praveen
> git status -z -u
> git check-ignore -v -z --stdin
> git check-ignore -v -z --stdin
> git symbolic-ref --short HEAD
> git rev-parse master
fatal: ambiguous argument 'master': unknown revision or path not in the working tree.
Use '--' to separate paths from revisions, like this:
'git <command> [<revision>...] -- [<file>...]'
> git for-each-ref --sort -committerdate --format %(refname) %(objectname)
> git remote --verbose
> git config --get commit.template
> git check-ignore -v -z --stdin
> git show --textconv :my-app/src/App.tsx
> git ls-files --stage -- /home/praveen/my-app/src/App.tsx
> git show --textconv :my-app/src/index.tsx
> git ls-files --stage -- /home/praveen/my-app/src/index.tsx
> git show --textconv :my-app/src/App.test.tsx
> git ls-files --stage -- /home/praveen/my-app/src/App.test.tsx
> git show --textconv :my-app/src/App.tsx
> git ls-files --stage -- /home/praveen/my-app/src/App.tsx
> git check-ignore -v -z --stdin
